Code/app/build/intermediates/manifest_merge_blame_file/release/manifest-merger-blame-release-report.txt
1<?xml version="1.0" encoding="utf-8"?>
2<manifest xmlns:android="http://schemas.android.com/apk/res/android"
3    package="com.example.enapp"
4    android:versionCode="1"
5    android:versionName="1.0" >
6
7    <uses-sdk
8        android:minSdkVersion="28"
9        android:targetSdkVersion="34" />
10
11    <uses-permission android:name="android.permission.INTERNET" />
11-->[com.google.firebase:firebase-auth:22.3.1] AndroidManifest.xml:25:5-67
11-->[com.google.firebase:firebase-auth:22.3.1] AndroidManifest.xml:25:22-64
12    <uses-permission android:name="android.permission.ACCESS_NETWORK_STATE" />
12-->[com.google.firebase:firebase-auth:22.3.1] AndroidManifest.xml:26:5-79
12-->[com.google.firebase:firebase-auth:22.3.1] AndroidManifest.xml:26:22-76
13    <uses-permission android:name="android.permission.WAKE_LOCK" />
13-->[com.google.android.gms:play-services-measurement-api:21.6.1] AndroidManifest.xml:24:5-68
13-->[com.google.android.gms:play-services-measurement-api:21.6.1] AndroidManifest.xml:24:22-65
14    <uses-permission android:name="com.google.android.gms.permission.AD_ID" />
14-->[com.google.android.gms:play-services-measurement-api:21.6.1] AndroidManifest.xml:25:5-79
14-->[com.google.android.gms:play-services-measurement-api:21.6.1] AndroidManifest.xml:25:22-76
15    <uses-permission android:name="android.permission.ACCESS_ADSERVICES_ATTRIBUTION" />
15-->[com.google.android.gms:play-services-measurement-api:21.6.1] AndroidManifest.xml:26:5-88
15-->[com.google.android.gms:play-services-measurement-api:21.6.1] AndroidManifest.xml:26:22-85
16    <uses-permission android:name="android.permission.ACCESS_ADSERVICES_AD_ID" />
16-->[com.google.android.gms:play-services-measurement-api:21.6.1] AndroidManifest.xml:27:5-82
16-->[com.google.android.gms:play-services-measurement-api:21.6.1] AndroidManifest.xml:27:22-79
17    <uses-permission android:name="com.google.android.providers.gsf.permission.READ_GSERVICES" />
17-->[com.google.android.recaptcha:recaptcha:18.4.0] AndroidManifest.xml:9:5-98
17-->[com.google.android.recaptcha:recaptcha:18.4.0] AndroidManifest.xml:9:22-95
18    <uses-permission android:name="com.google.android.finsky.permission.BIND_GET_INSTALL_REFERRER_SERVICE" />
18-->[com.google.android.gms:play-services-measurement:21.6.1] AndroidManifest.xml:26:5-110
18-->[com.google.android.gms:play-services-measurement:21.6.1] AndroidManifest.xml:26:22-107
19
20    <permission
20-->[androidx.core:core:1.9.0] AndroidManifest.xml:22:5-24:47
21        android:name="com.example.enapp.DYNAMIC_RECEIVER_NOT_EXPORTED_PERMISSION"
21-->[androidx.core:core:1.9.0] AndroidManifest.xml:23:9-81
22        android:protectionLevel="signature" />
22-->[androidx.core:core:1.9.0] AndroidManifest.xml:24:9-44
23
24    <uses-permission android:name="com.example.enapp.DYNAMIC_RECEIVER_NOT_EXPORTED_PERMISSION" />
24-->[androidx.core:core:1.9.0] AndroidManifest.xml:26:5-97
24-->[androidx.core:core:1.9.0] AndroidManifest.xml:26:22-94
25
26    <application
26-->src\main\AndroidManifest.xml:5:5-60:19
27        android:allowBackup="true"
27-->src\main\AndroidManifest.xml:6:9-35
28        android:appComponentFactory="androidx.core.app.CoreComponentFactory"
28-->[androidx.core:core:1.9.0] AndroidManifest.xml:28:18-86
29        android:dataExtractionRules="@xml/data_extraction_rules"
29-->src\main\AndroidManifest.xml:7:9-65
30        android:extractNativeLibs="false"
31        android:fullBackupContent="@xml/backup_rules"
31-->src\main\AndroidManifest.xml:8:9-54
32        android:icon="@mipmap/ic_launcher"
32-->src\main\AndroidManifest.xml:9:9-43
33        android:label="@string/app_name"
33-->src\main\AndroidManifest.xml:10:9-41
34        android:roundIcon="@mipmap/ic_launcher_round"
34-->src\main\AndroidManifest.xml:11:9-54
35        android:supportsRtl="true"
35-->src\main\AndroidManifest.xml:12:9-35
36        android:theme="@style/Theme.EnApp" >
36-->src\main\AndroidManifest.xml:13:9-43
37        <activity
37-->src\main\AndroidManifest.xml:15:9-17:40
38            android:name="com.example.enapp.ex6"
38-->src\main\AndroidManifest.xml:16:13-32
39            android:exported="false" />
39-->src\main\AndroidManifest.xml:17:13-37
40        <activity
40-->src\main\AndroidManifest.xml:18:9-20:40
41            android:name="com.example.enapp.ex5"
41-->src\main\AndroidManifest.xml:19:13-32
42            android:exported="false" />
42-->src\main\AndroidManifest.xml:20:13-37
43        <activity
43-->src\main\AndroidManifest.xml:21:9-23:40
44            android:name="com.example.enapp.ex4"
44-->src\main\AndroidManifest.xml:22:13-32
45            android:exported="false" />
45-->src\main\AndroidManifest.xml:23:13-37
46        <activity
46-->src\main\AndroidManifest.xml:24:9-26:40
47            android:name="com.example.enapp.AuthActivity"
47-->src\main\AndroidManifest.xml:25:13-41
48            android:exported="false" />
48-->src\main\AndroidManifest.xml:26:13-37
49        <activity
49-->src\main\AndroidManifest.xml:27:9-29:40
50            android:name="com.example.enapp.OtherActivity"
50-->src\main\AndroidManifest.xml:28:13-42
51            android:exported="false" />
51-->src\main\AndroidManifest.xml:29:13-37
52        <activity
52-->src\main\AndroidManifest.xml:30:9-32:40
53            android:name="com.example.enapp.Unit6Activity"
53-->src\main\AndroidManifest.xml:31:13-42
54            android:exported="false" />
54-->src\main\AndroidManifest.xml:32:13-37
55        <activity
55-->src\main\AndroidManifest.xml:33:9-35:40
56            android:name="com.example.enapp.Unit5Activity"
56-->src\main\AndroidManifest.xml:34:13-42
57            android:exported="false" />
57-->src\main\AndroidManifest.xml:35:13-37
58        <activity
58-->src\main\AndroidManifest.xml:36:9-38:40
59            android:name="com.example.enapp.Unit4Activity"
59-->src\main\AndroidManifest.xml:37:13-42
60            android:exported="false" />
60-->src\main\AndroidManifest.xml:38:13-37
61        <activity
61-->src\main\AndroidManifest.xml:39:9-41:40
62            android:name="com.example.enapp.Unit3Activity"
62-->src\main\AndroidManifest.xml:40:13-42
63            android:exported="false" />
63-->src\main\AndroidManifest.xml:41:13-37
64        <activity
64-->src\main\AndroidManifest.xml:42:9-44:40
65            android:name="com.example.enapp.SchoolSubjectActivity"
65-->src\main\AndroidManifest.xml:43:13-50
66            android:exported="false" />
66-->src\main\AndroidManifest.xml:44:13-37
67        <activity
67-->src\main\AndroidManifest.xml:45:9-47:40
68            android:name="com.example.enapp.ExcercicesActivity"
68-->src\main\AndroidManifest.xml:46:13-47
69            android:exported="false" />
69-->src\main\AndroidManifest.xml:47:13-37
70        <activity
70-->src\main\AndroidManifest.xml:48:9-50:40
71            android:name="com.example.enapp.CardsActivity"
71-->src\main\AndroidManifest.xml:49:13-42
72            android:exported="false" />
72-->src\main\AndroidManifest.xml:50:13-37
73        <activity
73-->src\main\AndroidManifest.xml:51:9-59:20
74            android:name="com.example.enapp.MainActivity"
74-->src\main\AndroidManifest.xml:52:13-41
75            android:exported="true" >
75-->src\main\AndroidManifest.xml:53:13-36
76            <intent-filter>
76-->src\main\AndroidManifest.xml:54:13-58:29
77                <action android:name="android.intent.action.MAIN" />
77-->src\main\AndroidManifest.xml:55:17-69
77-->src\main\AndroidManifest.xml:55:25-66
78
79                <category android:name="android.intent.category.LAUNCHER" />
79-->src\main\AndroidManifest.xml:57:17-77
79-->src\main\AndroidManifest.xml:57:27-74
80            </intent-filter>
81        </activity>
82        <activity
82-->[com.google.firebase:firebase-auth:22.3.1] AndroidManifest.xml:29:9-46:20
83            android:name="com.google.firebase.auth.internal.GenericIdpActivity"
83-->[com.google.firebase:firebase-auth:22.3.1] AndroidManifest.xml:30:13-80
84            android:excludeFromRecents="true"
84-->[com.google.firebase:firebase-auth:22.3.1] AndroidManifest.xml:31:13-46
85            android:exported="true"
85-->[com.google.firebase:firebase-auth:22.3.1] AndroidManifest.xml:32:13-36
86            android:launchMode="singleTask"
86-->[com.google.firebase:firebase-auth:22.3.1] AndroidManifest.xml:33:13-44
87            android:theme="@android:style/Theme.Translucent.NoTitleBar" >
87-->[com.google.firebase:firebase-auth:22.3.1] AndroidManifest.xml:34:13-72
88            <intent-filter>
88-->[com.google.firebase:firebase-auth:22.3.1] AndroidManifest.xml:35:13-45:29
89                <action android:name="android.intent.action.VIEW" />
89-->[com.google.firebase:firebase-auth:22.3.1] AndroidManifest.xml:36:17-69
89-->[com.google.firebase:firebase-auth:22.3.1] AndroidManifest.xml:36:25-66
90
91                <category android:name="android.intent.category.DEFAULT" />
91-->[com.google.firebase:firebase-auth:22.3.1] AndroidManifest.xml:38:17-76
91-->[com.google.firebase:firebase-auth:22.3.1] AndroidManifest.xml:38:27-73
92                <category android:name="android.intent.category.BROWSABLE" />
92-->[com.google.firebase:firebase-auth:22.3.1] AndroidManifest.xml:39:17-78
92-->[com.google.firebase:firebase-auth:22.3.1] AndroidManifest.xml:39:27-75
93
94                <data
94-->[com.google.firebase:firebase-auth:22.3.1] AndroidManifest.xml:41:17-44:51
95                    android:host="firebase.auth"
95-->[com.google.firebase:firebase-auth:22.3.1] AndroidManifest.xml:42:21-49
96                    android:path="/"
96-->[com.google.firebase:firebase-auth:22.3.1] AndroidManifest.xml:43:21-37
97                    android:scheme="genericidp" />
97-->[com.google.firebase:firebase-auth:22.3.1] AndroidManifest.xml:44:21-48
98            </intent-filter>
99        </activity>
100        <activity
100-->[com.google.firebase:firebase-auth:22.3.1] AndroidManifest.xml:47:9-64:20
101            android:name="com.google.firebase.auth.internal.RecaptchaActivity"
101-->[com.google.firebase:firebase-auth:22.3.1] AndroidManifest.xml:48:13-79
102            android:excludeFromRecents="true"
102-->[com.google.firebase:firebase-auth:22.3.1] AndroidManifest.xml:49:13-46
103            android:exported="true"
103-->[com.google.firebase:firebase-auth:22.3.1] AndroidManifest.xml:50:13-36
104            android:launchMode="singleTask"
104-->[com.google.firebase:firebase-auth:22.3.1] AndroidManifest.xml:51:13-44
105            android:theme="@android:style/Theme.Translucent.NoTitleBar" >
105-->[com.google.firebase:firebase-auth:22.3.1] AndroidManifest.xml:52:13-72
106            <intent-filter>
106-->[com.google.firebase:firebase-auth:22.3.1] AndroidManifest.xml:53:13-63:29
107                <action android:name="android.intent.action.VIEW" />
107-->[com.google.firebase:firebase-auth:22.3.1] AndroidManifest.xml:36:17-69
107-->[com.google.firebase:firebase-auth:22.3.1] AndroidManifest.xml:36:25-66
108
109                <category android:name="android.intent.category.DEFAULT" />
109-->[com.google.firebase:firebase-auth:22.3.1] AndroidManifest.xml:38:17-76
109-->[com.google.firebase:firebase-auth:22.3.1] AndroidManifest.xml:38:27-73
110                <category android:name="android.intent.category.BROWSABLE" />
110-->[com.google.firebase:firebase-auth:22.3.1] AndroidManifest.xml:39:17-78
110-->[com.google.firebase:firebase-auth:22.3.1] AndroidManifest.xml:39:27-75
111
112                <data
112-->[com.google.firebase:firebase-auth:22.3.1] AndroidManifest.xml:41:17-44:51
113                    android:host="firebase.auth"
113-->[com.google.firebase:firebase-auth:22.3.1] AndroidManifest.xml:42:21-49
114                    android:path="/"
114-->[com.google.firebase:firebase-auth:22.3.1] AndroidManifest.xml:43:21-37
115                    android:scheme="recaptcha" />
115-->[com.google.firebase:firebase-auth:22.3.1] AndroidManifest.xml:44:21-48
116            </intent-filter>
117        </activity>
118
119        <service
119-->[com.google.firebase:firebase-auth:22.3.1] AndroidManifest.xml:66:9-72:19
120            android:name="com.google.firebase.components.ComponentDiscoveryService"
120-->[com.google.firebase:firebase-auth:22.3.1] AndroidManifest.xml:67:13-84
121            android:directBootAware="true"
121-->[com.google.firebase:firebase-common:20.4.3] AndroidManifest.xml:32:13-43
122            android:exported="false" >
122-->[com.google.firebase:firebase-auth:22.3.1] AndroidManifest.xml:68:13-37
123            <meta-data
123-->[com.google.firebase:firebase-auth:22.3.1] AndroidManifest.xml:69:13-71:85
124                android:name="com.google.firebase.components:com.google.firebase.auth.FirebaseAuthRegistrar"
124-->[com.google.firebase:firebase-auth:22.3.1] AndroidManifest.xml:70:17-109
125                android:value="com.google.firebase.components.ComponentRegistrar" />
125-->[com.google.firebase:firebase-auth:22.3.1] AndroidManifest.xml:71:17-82
126            <meta-data
126-->[com.google.android.gms:play-services-measurement-api:21.6.1] AndroidManifest.xml:37:13-39:85
127                android:name="com.google.firebase.components:com.google.firebase.analytics.connector.internal.AnalyticsConnectorRegistrar"
127-->[com.google.android.gms:play-services-measurement-api:21.6.1] AndroidManifest.xml:38:17-139
128                android:value="com.google.firebase.components.ComponentRegistrar" />
128-->[com.google.android.gms:play-services-measurement-api:21.6.1] AndroidManifest.xml:39:17-82
129            <meta-data
129-->[com.google.firebase:firebase-installations:17.2.0] AndroidManifest.xml:15:13-17:85
130                android:name="com.google.firebase.components:com.google.firebase.installations.FirebaseInstallationsKtxRegistrar"
130-->[com.google.firebase:firebase-installations:17.2.0] AndroidManifest.xml:16:17-130
131                android:value="com.google.firebase.components.ComponentRegistrar" />
131-->[com.google.firebase:firebase-installations:17.2.0] AndroidManifest.xml:17:17-82
132            <meta-data
132-->[com.google.firebase:firebase-installations:17.2.0] AndroidManifest.xml:18:13-20:85
133                android:name="com.google.firebase.components:com.google.firebase.installations.FirebaseInstallationsRegistrar"
133-->[com.google.firebase:firebase-installations:17.2.0] AndroidManifest.xml:19:17-127
134                android:value="com.google.firebase.components.ComponentRegistrar" />
134-->[com.google.firebase:firebase-installations:17.2.0] AndroidManifest.xml:20:17-82
135            <meta-data
135-->[com.google.firebase:firebase-common-ktx:20.4.3] AndroidManifest.xml:12:13-14:85
136                android:name="com.google.firebase.components:com.google.firebase.ktx.FirebaseCommonLegacyRegistrar"
136-->[com.google.firebase:firebase-common-ktx:20.4.3] AndroidManifest.xml:13:17-116
137                android:value="com.google.firebase.components.ComponentRegistrar" />
137-->[com.google.firebase:firebase-common-ktx:20.4.3] AndroidManifest.xml:14:17-82
138            <meta-data
138-->[com.google.firebase:firebase-common:20.4.3] AndroidManifest.xml:35:13-37:85
139                android:name="com.google.firebase.components:com.google.firebase.FirebaseCommonKtxRegistrar"
139-->[com.google.firebase:firebase-common:20.4.3] AndroidManifest.xml:36:17-109
140                android:value="com.google.firebase.components.ComponentRegistrar" />
140-->[com.google.firebase:firebase-common:20.4.3] AndroidManifest.xml:37:17-82
141        </service>
142
143        <property
143-->[com.google.android.gms:play-services-measurement-api:21.6.1] AndroidManifest.xml:30:9-32:61
144            android:name="android.adservices.AD_SERVICES_CONFIG"
144-->[com.google.android.gms:play-services-measurement-api:21.6.1] AndroidManifest.xml:31:13-65
145            android:resource="@xml/ga_ad_services_config" />
145-->[com.google.android.gms:play-services-measurement-api:21.6.1] AndroidManifest.xml:32:13-58
146
147        <provider
147-->[com.google.firebase:firebase-common:20.4.3] AndroidManifest.xml:23:9-28:39
148            android:name="com.google.firebase.provider.FirebaseInitProvider"
148-->[com.google.firebase:firebase-common:20.4.3] AndroidManifest.xml:24:13-77
149            android:authorities="com.example.enapp.firebaseinitprovider"
149-->[com.google.firebase:firebase-common:20.4.3] AndroidManifest.xml:25:13-72
150            android:directBootAware="true"
150-->[com.google.firebase:firebase-common:20.4.3] AndroidManifest.xml:26:13-43
151            android:exported="false"
151-->[com.google.firebase:firebase-common:20.4.3] AndroidManifest.xml:27:13-37
152            android:initOrder="100" />
152-->[com.google.firebase:firebase-common:20.4.3] AndroidManifest.xml:28:13-36
153
154        <activity
154-->[com.google.android.gms:play-services-base:18.0.1] AndroidManifest.xml:20:9-22:45
155            android:name="com.google.android.gms.common.api.GoogleApiActivity"
155-->[com.google.android.gms:play-services-base:18.0.1] AndroidManifest.xml:20:19-85
156            android:exported="false"
156-->[com.google.android.gms:play-services-base:18.0.1] AndroidManifest.xml:22:19-43
157            android:theme="@android:style/Theme.Translucent.NoTitleBar" />
157-->[com.google.android.gms:play-services-base:18.0.1] AndroidManifest.xml:21:19-78
158
159        <receiver
159-->[com.google.android.gms:play-services-measurement:21.6.1] AndroidManifest.xml:29:9-33:20
160            android:name="com.google.android.gms.measurement.AppMeasurementReceiver"
160-->[com.google.android.gms:play-services-measurement:21.6.1] AndroidManifest.xml:30:13-85
161            android:enabled="true"
161-->[com.google.android.gms:play-services-measurement:21.6.1] AndroidManifest.xml:31:13-35
162            android:exported="false" >
162-->[com.google.android.gms:play-services-measurement:21.6.1] AndroidManifest.xml:32:13-37
163        </receiver>
164
165        <service
165-->[com.google.android.gms:play-services-measurement:21.6.1] AndroidManifest.xml:35:9-38:40
166            android:name="com.google.android.gms.measurement.AppMeasurementService"
166-->[com.google.android.gms:play-services-measurement:21.6.1] AndroidManifest.xml:36:13-84
167            android:enabled="true"
167-->[com.google.android.gms:play-services-measurement:21.6.1] AndroidManifest.xml:37:13-35
168            android:exported="false" />
168-->[com.google.android.gms:play-services-measurement:21.6.1] AndroidManifest.xml:38:13-37
169        <service
169-->[com.google.android.gms:play-services-measurement:21.6.1] AndroidManifest.xml:39:9-43:72
170            android:name="com.google.android.gms.measurement.AppMeasurementJobService"
170-->[com.google.android.gms:play-services-measurement:21.6.1] AndroidManifest.xml:40:13-87
171            android:enabled="true"
171-->[com.google.android.gms:play-services-measurement:21.6.1] AndroidManifest.xml:41:13-35
172            android:exported="false"
172-->[com.google.android.gms:play-services-measurement:21.6.1] AndroidManifest.xml:42:13-37
173            android:permission="android.permission.BIND_JOB_SERVICE" />
173-->[com.google.android.gms:play-services-measurement:21.6.1] AndroidManifest.xml:43:13-69
174
175        <provider
175-->[androidx.emoji2:emoji2:1.2.0] AndroidManifest.xml:24:9-32:20
176            android:name="androidx.startup.InitializationProvider"
176-->[androidx.emoji2:emoji2:1.2.0] AndroidManifest.xml:25:13-67
177            android:authorities="com.example.enapp.androidx-startup"
177-->[androidx.emoji2:emoji2:1.2.0] AndroidManifest.xml:26:13-68
178            android:exported="false" >
178-->[androidx.emoji2:emoji2:1.2.0] AndroidManifest.xml:27:13-37
179            <meta-data
179-->[androidx.emoji2:emoji2:1.2.0] AndroidManifest.xml:29:13-31:52
180                android:name="androidx.emoji2.text.EmojiCompatInitializer"
180-->[androidx.emoji2:emoji2:1.2.0] AndroidManifest.xml:30:17-75
181                android:value="androidx.startup" />
181-->[androidx.emoji2:emoji2:1.2.0] AndroidManifest.xml:31:17-49
182            <meta-data
182-->[androidx.lifecycle:lifecycle-process:2.6.1] AndroidManifest.xml:29:13-31:52
183                android:name="androidx.lifecycle.ProcessLifecycleInitializer"
183-->[androidx.lifecycle:lifecycle-process:2.6.1] AndroidManifest.xml:30:17-78
184                android:value="androidx.startup" />
184-->[androidx.lifecycle:lifecycle-process:2.6.1] AndroidManifest.xml:31:17-49
185            <meta-data
185-->[androidx.profileinstaller:profileinstaller:1.3.0] AndroidManifest.xml:29:13-31:52
186                android:name="androidx.profileinstaller.ProfileInstallerInitializer"
186-->[androidx.profileinstaller:profileinstaller:1.3.0] AndroidManifest.xml:30:17-85
187                android:value="androidx.startup" />
187-->[androidx.profileinstaller:profileinstaller:1.3.0] AndroidManifest.xml:31:17-49
188        </provider>
189
190        <uses-library
190-->[androidx.privacysandbox.ads:ads-adservices:1.0.0-beta05] AndroidManifest.xml:23:9-25:40
191            android:name="android.ext.adservices"
191-->[androidx.privacysandbox.ads:ads-adservices:1.0.0-beta05] AndroidManifest.xml:24:13-50
192            android:required="false" />
192-->[androidx.privacysandbox.ads:ads-adservices:1.0.0-beta05] AndroidManifest.xml:25:13-37
193
194        <meta-data
194-->[com.google.android.gms:play-services-basement:18.3.0] AndroidManifest.xml:21:9-23:69
195            android:name="com.google.android.gms.version"
195-->[com.google.android.gms:play-services-basement:18.3.0] AndroidManifest.xml:22:13-58
196            android:value="@integer/google_play_services_version" />
196-->[com.google.android.gms:play-services-basement:18.3.0] AndroidManifest.xml:23:13-66
197
198        <receiver
198-->[androidx.profileinstaller:profileinstaller:1.3.0] AndroidManifest.xml:34:9-52:20
199            android:name="androidx.profileinstaller.ProfileInstallReceiver"
199-->[androidx.profileinstaller:profileinstaller:1.3.0] AndroidManifest.xml:35:13-76
200            android:directBootAware="false"
200-->[androidx.profileinstaller:profileinstaller:1.3.0] AndroidManifest.xml:36:13-44
201            android:enabled="true"
201-->[androidx.profileinstaller:profileinstaller:1.3.0] AndroidManifest.xml:37:13-35
202            android:exported="true"
202-->[androidx.profileinstaller:profileinstaller:1.3.0] AndroidManifest.xml:38:13-36
203            android:permission="android.permission.DUMP" >
203-->[androidx.profileinstaller:profileinstaller:1.3.0] AndroidManifest.xml:39:13-57
204            <intent-filter>
204-->[androidx.profileinstaller:profileinstaller:1.3.0] AndroidManifest.xml:40:13-42:29
205                <action android:name="androidx.profileinstaller.action.INSTALL_PROFILE" />
205-->[androidx.profileinstaller:profileinstaller:1.3.0] AndroidManifest.xml:41:17-91
205-->[androidx.profileinstaller:profileinstaller:1.3.0] AndroidManifest.xml:41:25-88
206            </intent-filter>
207            <intent-filter>
207-->[androidx.profileinstaller:profileinstaller:1.3.0] AndroidManifest.xml:43:13-45:29
208                <action android:name="androidx.profileinstaller.action.SKIP_FILE" />
208-->[androidx.profileinstaller:profileinstaller:1.3.0] AndroidManifest.xml:44:17-85
208-->[androidx.profileinstaller:profileinstaller:1.3.0] AndroidManifest.xml:44:25-82
209            </intent-filter>
210            <intent-filter>
210-->[androidx.profileinstaller:profileinstaller:1.3.0] AndroidManifest.xml:46:13-48:29
211                <action android:name="androidx.profileinstaller.action.SAVE_PROFILE" />
211-->[androidx.profileinstaller:profileinstaller:1.3.0] AndroidManifest.xml:47:17-88
211-->[androidx.profileinstaller:profileinstaller:1.3.0] AndroidManifest.xml:47:25-85
212            </intent-filter>
213            <intent-filter>
213-->[androidx.profileinstaller:profileinstaller:1.3.0] AndroidManifest.xml:49:13-51:29
214                <action android:name="androidx.profileinstaller.action.BENCHMARK_OPERATION" />
214-->[androidx.profileinstaller:profileinstaller:1.3.0] AndroidManifest.xml:50:17-95
214-->[androidx.profileinstaller:profileinstaller:1.3.0] AndroidManifest.xml:50:25-92
215            </intent-filter>
216        </receiver>
217    </application>
218
219</manifest>